<?xml version="1.0" encoding="UTF-8"?>
<testng-results skipped="0" failed="0" total="1" passed="1">
  <reporter-output>
  </reporter-output>
  <suite name="Default suite" duration-ms="27114" started-at="2018-01-22T07:41:47Z" finished-at="2018-01-22T07:42:14Z">
    <groups>
    </groups>
    <test name="Default test" duration-ms="27114" started-at="2018-01-22T07:41:47Z" finished-at="2018-01-22T07:42:14Z">
      <class name="com.corejava.testngclass">
        <test-method status="PASS" signature="beforeMethod()[pri:0, instance:com.corejava.testngclass@2344fc66]" name="beforeMethod" is-config="true" duration-ms="24658" started-at="2018-01-22T13:11:47Z" finished-at="2018-01-22T13:12:12Z">
          <reporter-output>
          </reporter-output>
        </test-method> <!-- beforeMethod -->
        <test-method status="PASS" signature="f()[pri:0, instance:com.corejava.testngclass@2344fc66]" name="f" duration-ms="8" started-at="2018-01-22T13:12:12Z" finished-at="2018-01-22T13:12:12Z">
          <reporter-output>
          </reporter-output>
        </test-method> <!-- f -->
        <test-method status="PASS" signature="afterMethod()[pri:0, instance:com.corejava.testngclass@2344fc66]" name="afterMethod" is-config="true" duration-ms="2392" started-at="2018-01-22T13:12:12Z" finished-at="2018-01-22T13:12:14Z">
          <reporter-output>
          </reporter-output>
        </test-method> <!-- afterMethod -->
      </class> <!-- com.corejava.testngclass -->
    </test> <!-- Default test -->
  </suite> <!-- Default suite -->
</testng-results>
